0 info it worked if it ends with ok
1 verbose cli [ '/usr/bin/node', '/usr/bin/npm', 'run', 'test' ]
2 info using npm@3.10.10
3 info using node@v6.14.1
4 verbose run-script [ 'pretest', 'test', 'posttest' ]
5 info lifecycle jest-test-1@~pretest: jest-test-1@
6 silly lifecycle jest-test-1@~pretest: no script for pretest, continuing
7 info lifecycle jest-test-1@~test: jest-test-1@
8 verbose lifecycle jest-test-1@~test: unsafe-perm in lifecycle true
9 verbose lifecycle jest-test-1@~test: PATH: /usr/lib/node_modules/npm/bin/node-gyp-bin:/home/pgorecki/workspace/jest-test-1/node_modules/.bin:/home/pgorecki/.rbenv/plugins/ruby-build/bin:/home/pgorecki/.rbenv/shims:/home/pgorecki/.rbenv/bin:/home/pgorecki/.rbenv/plugins/ruby-build/bin:/home/pgorecki/.rbenv/shims:/home/pgorecki/.rbenv/bin:/home/pgorecki/.rbenv/plugins/ruby-build/bin:/home/pgorecki/.rbenv/shims:/home/pgorecki/.rbenv/bin:/home/pgorecki/.rbenv/plugins/ruby-build/bin:/home/pgorecki/.rbenv/shims:/home/pgorecki/.rbenv/bin:/usr/local/sbin:/usr/local/bin:/usr/sbin:/usr/bin:/sbin:/bin:/usr/games:/usr/local/games:/snap/bin
10 verbose lifecycle jest-test-1@~test: CWD: /home/pgorecki/workspace/jest-test-1
11 silly lifecycle jest-test-1@~test: Args: [ '-c', 'jest' ]
12 silly lifecycle jest-test-1@~test: Returned: code: 1  signal: null
13 info lifecycle jest-test-1@~test: Failed to exec test script
14 verbose stack Error: jest-test-1@ test: `jest`
14 verbose stack Exit status 1
14 verbose stack     at EventEmitter.<anonymous> (/usr/lib/node_modules/npm/lib/utils/lifecycle.js:255:16)
14 verbose stack     at emitTwo (events.js:106:13)
14 verbose stack     at EventEmitter.emit (events.js:191:7)
14 verbose stack     at ChildProcess.<anonymous> (/usr/lib/node_modules/npm/lib/utils/spawn.js:40:14)
14 verbose stack     at emitTwo (events.js:106:13)
14 verbose stack     at ChildProcess.emit (events.js:191:7)
14 verbose stack     at maybeClose (internal/child_process.js:920:16)
14 verbose stack     at Process.ChildProcess._handle.onexit (internal/child_process.js:230:5)
15 verbose pkgid jest-test-1@
16 verbose cwd /home/pgorecki/workspace/jest-test-1
17 error Linux 4.4.0-119-generic
18 error argv "/usr/bin/node" "/usr/bin/npm" "run" "test"
19 error node v6.14.1
20 error npm  v3.10.10
21 error code ELIFECYCLE
22 error jest-test-1@ test: `jest`
22 error Exit status 1
23 error Failed at the jest-test-1@ test script 'jest'.
23 error Make sure you have the latest version of node.js and npm installed.
23 error If you do, this is most likely a problem with the jest-test-1 package,
23 error not with npm itself.
23 error Tell the author that this fails on your system:
23 error     jest
23 error You can get information on how to open an issue for this project with:
23 error     npm bugs jest-test-1
23 error Or if that isn't available, you can get their info via:
23 error     npm owner ls jest-test-1
23 error There is likely additional logging output above.
24 verbose exit [ 1, true ]
